<?xml version="1.0" encoding="UTF-8"?>
<!-- Generated by org.testng.reporters.JUnitXMLReporter -->
<testsuite hostname="DESKTOP-OCGS32O" ignored="2" name="Test1" tests="1" failures="1" timestamp="2022-07-12T16:29:36 IST" time="113.758" errors="0">
  <testcase name="launchDriver" time="47.195" classname="com.api.ApiTestProject.UiTest">
    <failure type="java.lang.NullPointerException">
      <![CDATA[java.lang.NullPointerException
at com.api.ApiTestProject.UiTest.launchDriver(UiTest.java:68)
at java.util.ArrayList.forEach(ArrayList.java:1249)
at java.util.concurrent.FutureTask.run(FutureTask.java:266)
at java.util.concurrent.ThreadPoolExecutor.runWorker(ThreadPoolExecutor.java:1149)
at java.util.concurrent.ThreadPoolExecutor$Worker.run(ThreadPoolExecutor.java:624)
at java.lang.Thread.run(Thread.java:748)
... Removed 18 stack frames]]>
    </failure>
  </testcase> <!-- launchDriver -->
  <testcase name="launchDriver3" time="0.0" classname="com.api.ApiTestProject.UiTest">
    <ignored/>
  </testcase> <!-- launchDriver3 -->
  <testcase name="launchDriver2" time="0.0" classname="com.api.ApiTestProject.UiTest">
    <ignored/>
  </testcase> <!-- launchDriver2 -->
</testsuite> <!-- Test1 -->
