<?xml version="1.0" encoding="UTF-8"?>
<!-- Generated by org.testng.reporters.JUnitXMLReporter -->
<testsuite hostname="DESKTOP-OCGS32O" ignored="1" name="Test1" tests="1" failures="1" timestamp="2022-07-15T18:55:21 IST" time="89.849" errors="0">
  <testcase name="launchBrowserChrome" time="37.639" classname="com.api.ApiTestProject.UiTest">
    <failure type="java.lang.NullPointerException">
      <![CDATA[java.lang.NullPointerException
at com.api.ApiTestProject.UiTest.launchBrowserChrome(UiTest.java:61)
at java.util.ArrayList.forEach(ArrayList.java:1249)
at java.util.concurrent.FutureTask.run(FutureTask.java:266)
at java.util.concurrent.ThreadPoolExecutor.runWorker(ThreadPoolExecutor.java:1149)
at java.util.concurrent.ThreadPoolExecutor$Worker.run(ThreadPoolExecutor.java:624)
at java.lang.Thread.run(Thread.java:748)
... Removed 18 stack frames]]>
    </failure>
  </testcase> <!-- launchBrowserChrome -->
  <testcase name="launchBrowserFirefox" time="0.0" classname="com.api.ApiTestProject.UiTest">
    <ignored/>
  </testcase> <!-- launchBrowserFirefox -->
</testsuite> <!-- Test1 -->
