<?xml version="1.0" encoding="UTF-8"?>
<!-- Generated by org.testng.reporters.JUnitXMLReporter -->
<testsuite hostname="DESKTOP-OCGS32O" ignored="1" name="Test2" tests="1" failures="0" timestamp="2022-07-15T18:55:20 IST" time="87.93" errors="0">
  <testcase name="launchBrowserFirefox" time="18.391" classname="com.api.ApiTestProject.UiTest"/>
  <testcase name="launchBrowserChrome" time="0.0" classname="com.api.ApiTestProject.UiTest">
    <ignored/>
  </testcase> <!-- launchBrowserChrome -->
</testsuite> <!-- Test2 -->
