<?xml version="1.0" encoding="UTF-8"?>
<!-- Generated by org.testng.reporters.JUnitXMLReporter -->
<testsuite hostname="DESKTOP-OCGS32O" ignored="2" name="Test2" tests="1" failures="0" timestamp="2022-07-12T16:29:40 IST" time="118.017" errors="0">
  <testcase name="launchDriver2" time="36.751" classname="com.api.ApiTestProject.UiTest"/>
  <testcase name="launchDriver" time="0.0" classname="com.api.ApiTestProject.UiTest">
    <ignored/>
  </testcase> <!-- launchDriver -->
  <testcase name="launchDriver3" time="0.0" classname="com.api.ApiTestProject.UiTest">
    <ignored/>
  </testcase> <!-- launchDriver3 -->
</testsuite> <!-- Test2 -->
