<?xml version="1.0" encoding="UTF-8"?>
<!-- Generated by org.testng.reporters.JUnitXMLReporter -->
<testsuite hostname="DESKTOP-OCGS32O" ignored="0" name="Test" tests="3" failures="0" timestamp="2022-06-02T16:54:54 IST" time="30.431" errors="0">
  <testcase name="launchDriver" time="15.662" classname="com.api.ApiTestProject.UiTest"/>
  <testcase name="launchDriver2" time="15.663" classname="com.api.ApiTestProject.UiTest"/>
  <testcase name="launchDriver3" time="15.683" classname="com.api.ApiTestProject.UiTest"/>
</testsuite> <!-- Test -->
