<?xml version="1.0" encoding="UTF-8"?>
<!-- Generated by org.testng.reporters.JUnitXMLReporter -->
<testsuite hostname="DESKTOP-OCGS32O" ignored="0" name="Test" tests="3" failures="0" timestamp="2022-07-11T10:06:06 IST" time="30.185" errors="0">
  <testcase name="launchDriver2" time="4.534" classname="com.api.ApiTestProject.UiTest"/>
  <testcase name="launchDriver3" time="6.712" classname="com.api.ApiTestProject.UiTest"/>
  <testcase name="launchDriver" time="14.029" classname="com.api.ApiTestProject.UiTest"/>
</testsuite> <!-- Test -->
