<?xml version="1.0" encoding="UTF-8"?>
<testng-results ignored="0" total="3" passed="3" failed="0" skipped="0">
  <reporter-output>
  </reporter-output>
  <suite started-at="2023-03-07T23:03:48 IST" name="Suite" finished-at="2023-03-07T23:04:40 IST" duration-ms="51581">
    <groups>
    </groups>
    <test started-at="2023-03-07T23:03:48 IST" name="Test" finished-at="2023-03-07T23:04:40 IST" duration-ms="51581">
      <class name="com.api.ApiTestProject.UiTest">
        <test-method is-config="true" signature="welcomeUiTest()[pri:0, instance:com.api.ApiTestProject.UiTest@73e9cf30]" started-at="2023-03-07T23:03:48 IST" name="welcomeUiTest" finished-at="2023-03-07T23:03:48 IST" duration-ms="201" status="PASS">
          <reporter-output>
          </reporter-output>
        </test-method> <!-- welcomeUiTest -->
        <test-method is-config="true" signature="intializeBrowser()[pri:0, instance:com.api.ApiTestProject.UiTest@73e9cf30]" started-at="2023-03-07T23:03:48 IST" name="intializeBrowser" finished-at="2023-03-07T23:04:11 IST" duration-ms="22883" status="PASS">
          <reporter-output>
          </reporter-output>
        </test-method> <!-- intializeBrowser -->
        <test-method is-config="true" signature="intializeBrowser()[pri:0, instance:com.api.ApiTestProject.UiTest@73e9cf30]" started-at="2023-03-07T23:03:48 IST" name="intializeBrowser" finished-at="2023-03-07T23:04:11 IST" duration-ms="22883" status="PASS">
          <reporter-output>
          </reporter-output>
        </test-method> <!-- intializeBrowser -->
        <test-method is-config="true" signature="intializeBrowser()[pri:0, instance:com.api.ApiTestProject.UiTest@73e9cf30]" started-at="2023-03-07T23:03:48 IST" name="intializeBrowser" finished-at="2023-03-07T23:04:11 IST" duration-ms="22883" status="PASS">
          <reporter-output>
          </reporter-output>
        </test-method> <!-- intializeBrowser -->
        <test-method signature="launchDriver()[pri:0, instance:com.api.ApiTestProject.UiTest@73e9cf30]" started-at="2023-03-07T23:04:11 IST" name="launchDriver" finished-at="2023-03-07T23:04:39 IST" duration-ms="28145" status="PASS">
          <reporter-output>
          </reporter-output>
        </test-method> <!-- launchDriver -->
        <test-method signature="launchDriver2()[pri:0, instance:com.api.ApiTestProject.UiTest@73e9cf30]" started-at="2023-03-07T23:04:11 IST" name="launchDriver2" finished-at="2023-03-07T23:04:21 IST" duration-ms="10236" status="PASS">
          <reporter-output>
          </reporter-output>
        </test-method> <!-- launchDriver2 -->
        <test-method signature="launchDriver3()[pri:0, instance:com.api.ApiTestProject.UiTest@73e9cf30]" started-at="2023-03-07T23:04:11 IST" name="launchDriver3" finished-at="2023-03-07T23:04:22 IST" duration-ms="11319" status="PASS">
          <reporter-output>
          </reporter-output>
        </test-method> <!-- launchDriver3 -->
        <test-method is-config="true" signature="closeBrowser()[pri:0, instance:com.api.ApiTestProject.UiTest@73e9cf30]" started-at="2023-03-07T23:04:21 IST" name="closeBrowser" finished-at="2023-03-07T23:04:22 IST" duration-ms="287" status="PASS">
          <reporter-output>
          </reporter-output>
        </test-method> <!-- closeBrowser -->
        <test-method is-config="true" signature="closeBrowser()[pri:0, instance:com.api.ApiTestProject.UiTest@73e9cf30]" started-at="2023-03-07T23:04:22 IST" name="closeBrowser" finished-at="2023-03-07T23:04:23 IST" duration-ms="162" status="PASS">
          <reporter-output>
          </reporter-output>
        </test-method> <!-- closeBrowser -->
        <test-method is-config="true" signature="closeBrowser()[pri:0, instance:com.api.ApiTestProject.UiTest@73e9cf30]" started-at="2023-03-07T23:04:39 IST" name="closeBrowser" finished-at="2023-03-07T23:04:40 IST" duration-ms="538" status="PASS">
          <reporter-output>
          </reporter-output>
        </test-method> <!-- closeBrowser -->
        <test-method is-config="true" signature="endReport()[pri:0, instance:com.api.ApiTestProject.UiTest@73e9cf30]" started-at="2023-03-07T23:04:40 IST" name="endReport" finished-at="2023-03-07T23:04:40 IST" duration-ms="86" status="PASS">
          <reporter-output>
          </reporter-output>
        </test-method> <!-- endReport -->
      </class> <!-- com.api.ApiTestProject.UiTest -->
    </test> <!-- Test -->
  </suite> <!-- Suite -->
</testng-results>
