<?xml version="1.0" encoding="UTF-8"?>
<testng-results skipped="0" failed="1" ignored="2" total="4" passed="1">
  <reporter-output>
  </reporter-output>
  <suite name="GRIDSuite" duration-ms="89849" started-at="2022-07-15T18:53:51 IST" finished-at="2022-07-15T18:55:21 IST">
    <groups>
    </groups>
    <test name="Test2" duration-ms="87930" started-at="2022-07-15T18:53:51 IST" finished-at="2022-07-15T18:55:19 IST">
      <class name="com.api.ApiTestProject.UiTest">
        <test-method status="PASS" signature="welcomeUiTest()[pri:0, instance:com.api.ApiTestProject.UiTest@73d4cc9e]" name="welcomeUiTest" is-config="true" duration-ms="518" started-at="2022-07-15T18:53:51 IST" finished-at="2022-07-15T18:53:51 IST">
          <reporter-output>
          </reporter-output>
        </test-method> <!-- welcomeUiTest -->
        <test-method status="PASS" signature="intializeRemoteBrowser(java.lang.String)[pri:0, instance:com.api.ApiTestProject.UiTest@73d4cc9e]" name="intializeRemoteBrowser" is-config="true" duration-ms="62234" started-at="2022-07-15T18:53:51 IST" finished-at="2022-07-15T18:54:54 IST">
          <params>
            <param index="0">
              <value>
                <![CDATA[FIREFOX]]>
              </value>
            </param>
          </params>
          <reporter-output>
          </reporter-output>
        </test-method> <!-- intializeRemoteBrowser -->
        <test-method status="PASS" signature="launchBrowserFirefox()[pri:0, instance:com.api.ApiTestProject.UiTest@73d4cc9e]" name="launchBrowserFirefox" duration-ms="18391" started-at="2022-07-15T18:54:54 IST" finished-at="2022-07-15T18:55:12 IST">
          <reporter-output>
          </reporter-output>
        </test-method> <!-- launchBrowserFirefox -->
        <test-method status="PASS" signature="closeRemoteBrowser()[pri:0, instance:com.api.ApiTestProject.UiTest@73d4cc9e]" name="closeRemoteBrowser" is-config="true" duration-ms="7252" started-at="2022-07-15T18:55:12 IST" finished-at="2022-07-15T18:55:19 IST">
          <reporter-output>
          </reporter-output>
        </test-method> <!-- closeRemoteBrowser -->
        <test-method status="PASS" signature="endReport()[pri:0, instance:com.api.ApiTestProject.UiTest@73d4cc9e]" name="endReport" is-config="true" duration-ms="1509" started-at="2022-07-15T18:55:22 IST" finished-at="2022-07-15T18:55:23 IST">
          <reporter-output>
          </reporter-output>
        </test-method> <!-- endReport -->
      </class> <!-- com.api.ApiTestProject.UiTest -->
    </test> <!-- Test2 -->
    <test name="Test1" duration-ms="89849" started-at="2022-07-15T18:53:51 IST" finished-at="2022-07-15T18:55:21 IST">
      <class name="com.api.ApiTestProject.UiTest">
        <test-method status="PASS" signature="intializeRemoteBrowser(java.lang.String)[pri:0, instance:com.api.ApiTestProject.UiTest@df27fae]" name="intializeRemoteBrowser" is-config="true" duration-ms="49089" started-at="2022-07-15T18:53:51 IST" finished-at="2022-07-15T18:54:40 IST">
          <params>
            <param index="0">
              <value>
                <![CDATA[CHROME]]>
              </value>
            </param>
          </params>
          <reporter-output>
          </reporter-output>
        </test-method> <!-- intializeRemoteBrowser -->
        <test-method status="FAIL" signature="launchBrowserChrome()[pri:0, instance:com.api.ApiTestProject.UiTest@df27fae]" name="launchBrowserChrome" duration-ms="37639" started-at="2022-07-15T18:54:41 IST" finished-at="2022-07-15T18:55:18 IST">
          <exception class="java.lang.NullPointerException">
            <full-stacktrace>
              <![CDATA[java.lang.NullPointerException
at com.api.ApiTestProject.UiTest.launchBrowserChrome(UiTest.java:61)
at sun.reflect.NativeMethodAccessorImpl.invoke0(Native Method)
at sun.reflect.NativeMethodAccessorImpl.invoke(NativeMethodAccessorImpl.java:62)
at sun.reflect.DelegatingMethodAccessorImpl.invoke(DelegatingMethodAccessorImpl.java:43)
at java.lang.reflect.Method.invoke(Method.java:498)
at org.testng.internal.MethodInvocationHelper.invokeMethod(MethodInvocationHelper.java:133)
at org.testng.internal.TestInvoker.invokeMethod(TestInvoker.java:598)
at org.testng.internal.TestInvoker.invokeTestMethod(TestInvoker.java:173)
at org.testng.internal.MethodRunner.runInSequence(MethodRunner.java:46)
at org.testng.internal.TestInvoker$MethodInvocationAgent.invoke(TestInvoker.java:824)
at org.testng.internal.TestInvoker.invokeTestMethods(TestInvoker.java:146)
at org.testng.internal.TestMethodWorker.invokeTestMethods(TestMethodWorker.java:146)
at org.testng.internal.TestMethodWorker.run(TestMethodWorker.java:128)
at java.util.ArrayList.forEach(ArrayList.java:1249)
at org.testng.TestRunner.privateRun(TestRunner.java:794)
at org.testng.TestRunner.run(TestRunner.java:596)
at org.testng.SuiteRunner.runTest(SuiteRunner.java:377)
at org.testng.SuiteRunner.access$000(SuiteRunner.java:28)
at org.testng.SuiteRunner$SuiteWorker.run(SuiteRunner.java:418)
at org.testng.internal.thread.ThreadUtil.lambda$execute$0(ThreadUtil.java:64)
at java.util.concurrent.FutureTask.run(FutureTask.java:266)
at java.util.concurrent.ThreadPoolExecutor.runWorker(ThreadPoolExecutor.java:1149)
at java.util.concurrent.ThreadPoolExecutor$Worker.run(ThreadPoolExecutor.java:624)
at java.lang.Thread.run(Thread.java:748)
]]>
            </full-stacktrace>
          </exception> <!-- java.lang.NullPointerException -->
          <reporter-output>
          </reporter-output>
        </test-method> <!-- launchBrowserChrome -->
        <test-method status="PASS" signature="closeRemoteBrowser()[pri:0, instance:com.api.ApiTestProject.UiTest@df27fae]" name="closeRemoteBrowser" is-config="true" duration-ms="2949" started-at="2022-07-15T18:55:18 IST" finished-at="2022-07-15T18:55:21 IST">
          <reporter-output>
          </reporter-output>
        </test-method> <!-- closeRemoteBrowser -->
      </class> <!-- com.api.ApiTestProject.UiTest -->
    </test> <!-- Test1 -->
  </suite> <!-- GRIDSuite -->
</testng-results>
